[debug] [2025-05-12T07:18:19.529Z] ----------------------------------------------------------------------
[debug] [2025-05-12T07:18:19.532Z] Command:       /home/xdmanus/.nvm/versions/node/v22.10.0/bin/node /home/xdmanus/.nvm/versions/node/v22.10.0/bin/firebase init
[debug] [2025-05-12T07:18:19.533Z] CLI Version:   14.3.1
[debug] [2025-05-12T07:18:19.533Z] Platform:      linux
[debug] [2025-05-12T07:18:19.533Z] Node Version:  v22.10.0
[debug] [2025-05-12T07:18:19.534Z] Time:          Mon May 12 2025 07:18:19 GMT+0000 (Coordinated Universal Time)
[debug] [2025-05-12T07:18:19.534Z] ----------------------------------------------------------------------
[debug] 
[debug] [2025-05-12T07:18:19.537Z] >>> [apiv2][query] GET https://firebase-public.firebaseio.com/cli.json [none]
[debug] [2025-05-12T07:18:19.592Z] > command requires scopes: ["email","openid","https://www.googleapis.com/auth/cloudplatformprojects.readonly","https://www.googleapis.com/auth/firebase","https://www.googleapis.com/auth/cloud-platform"]
[debug] [2025-05-12T07:18:19.592Z] > authorizing via signed-in user (craftercsapat590@gmail.com)
[info] 
     ######## #### ########  ######## ########     ###     ######  ########
     ##        ##  ##     ## ##       ##     ##  ##   ##  ##       ##
     ######    ##  ########  ######   ########  #########  ######  ######
     ##        ##  ##    ##  ##       ##     ## ##     ##       ## ##
     ##       #### ##     ## ######## ########  ##     ##  ######  ########

You're about to initialize a Firebase project in this directory:

  /home/xdmanus/dev/project 24/25.5/Nyelvi-Kalauz-Projekt

[debug] [2025-05-12T07:18:19.941Z] <<< [apiv2][status] GET https://firebase-public.firebaseio.com/cli.json 200
[debug] [2025-05-12T07:18:19.942Z] <<< [apiv2][body] GET https://firebase-public.firebaseio.com/cli.json {"cloudBuildErrorAfter":1594252800000,"cloudBuildWarnAfter":1590019200000,"defaultNode10After":1594252800000,"minVersion":"3.0.5","node8DeploysDisabledAfter":1613390400000,"node8RuntimeDisabledAfter":1615809600000,"node8WarnAfter":1600128000000}
[info] 
=== Project Setup
[info] 
[info] First, let's associate this project directory with a Firebase project.
[info] You can create multiple project aliases by running firebase use --add, 
[info] but for now we'll just set up a default project.
[info] 
[info] i  If you want to create a project in a Google Cloud organization or folder, please use "firebase projects:create" instead, and return to this command when you've created the project. 
[debug] [2025-05-12T07:19:03.019Z] ExitPromptError: User force closed the prompt with SIGINT
    at Interface.sigint (/home/xdmanus/.nvm/versions/node/v22.10.0/lib/node_modules/firebase-tools/node_modules/@inquirer/core/dist/commonjs/lib/create-prompt.js:100:37)
    at Interface.emit (node:events:518:28)
    at Interface.emit (node:domain:489:12)
    at [_ttyWrite] [as _ttyWrite] (node:internal/readline/interface:1124:18)
    at ReadStream.onkeypress (node:internal/readline/interface:263:20)
    at ReadStream.emit (node:events:530:35)
    at ReadStream.emit (node:domain:489:12)
    at emitKeys (node:internal/readline/utils:370:14)
    at emitKeys.next (<anonymous>)
    at ReadStream.onData (node:internal/readline/emitKeypressEvents:64:36)
[error] 
[error] Error: An unexpected error has occurred.
